<?xml version="1.0" encoding="UTF-8"?>
<!-- Generated by org.testng.reporters.JUnitReportReporter -->
<testsuite skipped="0" hostname="SRIRAM-THINK" name="runner.TestRunner" tests="1" failures="0" timestamp="17 Dec 2017 18:43:11 GMT" time="14.827" errors="0">
  <testcase name="feature" time="14.827" classname="runner.TestRunner"/>
</testsuite> <!-- runner.TestRunner -->
